stdio    D         file_stdio.c:110  file_stdio_fopen                 [   0.00000] opening C:\Users\88693\OneDrive\Desktop\I2P1_Final_project\Code\allegro5.cfg r
system   D            wsystem.c:874  _al_win_safe_load_library        [   0.00000] PathFindOnPath found: C:\WINDOWS\system32\shcore.dll
system   D            wsystem.c:780  load_library_at_path             [   0.00000] Calling LoadLibrary C:\WINDOWS\system32\shcore.dll
system   I            wsystem.c:783  load_library_at_path             [   0.00000] Loaded C:\WINDOWS\system32\shcore.dll
system   I             system.c:271  al_install_system                [   0.00000] Allegro version: 5.2.7
audio-dsound I           dsound.cpp:271  _dsound_open                     [   0.00025] Starting DirectSound...
audio-dsound D           dsound.cpp:280  _dsound_open                     [   0.05495] DirectSoundCreate8 succeeded
audio-dsound I           dsound.cpp:73   get_window                       [   0.05531] Using desktop window: 0000000000010010
audio    I              audio.c:347  do_install_audio                 [   0.05582] Using DirectSound driver
system   D            wsystem.c:874  _al_win_safe_load_library        [   0.05611] PathFindOnPath found: C:\WINDOWS\system32\d3d9.dll
system   D            wsystem.c:780  load_library_at_path             [   0.05614] Calling LoadLibrary C:\WINDOWS\system32\d3d9.dll
system   I            wsystem.c:783  load_library_at_path             [   0.05876] Loaded C:\WINDOWS\system32\d3d9.dll
d3d      I         d3d_disp.cpp:684  d3d_init_display                 [   0.09399] Render-to-texture: 1
d3d      I         d3d_disp.cpp:1782 d3d_create_display_locked        [   0.09449] faux_fullscreen=0
d3d      D         d3d_disp.cpp:1783 d3d_create_display_locked        [   0.09451] al_display=0000000000ecb370
d3d      D         d3d_disp.cpp:1784 d3d_create_display_locked        [   0.09453] al_display->vt=0000000000ecb200
d3d      I d3d_display_formats.cpp:144  _al_d3d_generate_display_format_list [   0.09609] found 64 format combinations
display  D   display_settings.c:212  debug_display_settings           [   0.09612] color: 32 (rgba 8880), depth: 0, stencil: 0, acc: 0000, samples: 0/0
display  D   display_settings.c:527  _al_score_display_settings       [   0.09614] Score is : 897
display  D   display_settings.c:212  debug_display_settings           [   0.09615] color: 32 (rgba 8880), depth: 0, stencil: 0, acc: 0000, samples: 0/0
display  D   display_settings.c:527  _al_score_display_settings       [   0.09617] Score is : 897
display  D   display_settings.c:212  debug_display_settings           [   0.09619] color: 32 (rgba 8880), depth: 24, stencil: 8, acc: 0000, samples: 0/0
display  D   display_settings.c:527  _al_score_display_settings       [   0.09620] Score is : 897
display  D   display_settings.c:212  debug_display_settings           [   0.09622] color: 32 (rgba 8880), depth: 24, stencil: 8, acc: 0000, samples: 0/0
display  D   display_settings.c:527  _al_score_display_settings       [   0.09623] Score is : 897
display  D   display_settings.c:212  debug_display_settings           [   0.09625] color: 32 (rgba 8880), depth: 24, stencil: 0, acc: 0000, samples: 0/0
display  D   display_settings.c:527  _al_score_display_settings       [   0.09626] Score is : 897
display  D   display_settings.c:212  debug_display_settings           [   0.09628] color: 32 (rgba 8880), depth: 24, stencil: 0, acc: 0000, samples: 0/0
display  D   display_settings.c:527  _al_score_display_settings       [   0.09630] Score is : 897
display  D   display_settings.c:212  debug_display_settings           [   0.09631] color: 32 (rgba 8880), depth: 16, stencil: 0, acc: 0000, samples: 0/0
display  D   display_settings.c:527  _al_score_display_settings       [   0.09633] Score is : 897
display  D   display_settings.c:212  debug_display_settings           [   0.09634] color: 32 (rgba 8880), depth: 16, stencil: 0, acc: 0000, samples: 0/0
display  D   display_settings.c:527  _al_score_display_settings       [   0.09636] Score is : 897
display  D   display_settings.c:212  debug_display_settings           [   0.09637] color: 16 (rgba 5650), depth: 0, stencil: 0, acc: 0000, samples: 0/0
display  D   display_settings.c:527  _al_score_display_settings       [   0.09643] Score is : 897
display  D   display_settings.c:212  debug_display_settings           [   0.09645] color: 16 (rgba 5650), depth: 0, stencil: 0, acc: 0000, samples: 0/0
display  D   display_settings.c:527  _al_score_display_settings       [   0.09647] Score is : 897
display  D   display_settings.c:212  debug_display_settings           [   0.09648] color: 16 (rgba 5650), depth: 24, stencil: 8, acc: 0000, samples: 0/0
display  D   display_settings.c:527  _al_score_display_settings       [   0.09650] Score is : 897
display  D   display_settings.c:212  debug_display_settings           [   0.09651] color: 16 (rgba 5650), depth: 24, stencil: 8, acc: 0000, samples: 0/0
display  D   display_settings.c:527  _al_score_display_settings       [   0.09653] Score is : 897
display  D   display_settings.c:212  debug_display_settings           [   0.09654] color: 16 (rgba 5650), depth: 24, stencil: 0, acc: 0000, samples: 0/0
display  D   display_settings.c:527  _al_score_display_settings       [   0.09656] Score is : 897
display  D   display_settings.c:212  debug_display_settings           [   0.09657] color: 16 (rgba 5650), depth: 24, stencil: 0, acc: 0000, samples: 0/0
display  D   display_settings.c:527  _al_score_display_settings       [   0.09659] Score is : 897
display  D   display_settings.c:212  debug_display_settings           [   0.09661] color: 16 (rgba 5650), depth: 16, stencil: 0, acc: 0000, samples: 0/0
display  D   display_settings.c:527  _al_score_display_settings       [   0.09662] Score is : 897
display  D   display_settings.c:212  debug_display_settings           [   0.09664] color: 16 (rgba 5650), depth: 16, stencil: 0, acc: 0000, samples: 0/0
display  D   display_settings.c:527  _al_score_display_settings       [   0.09667] Score is : 897
display  D   display_settings.c:212  debug_display_settings           [   0.09669] color: 32 (rgba 8880), depth: 0, stencil: 0, acc: 0000, samples: 0/0
display  D   display_settings.c:398  _al_score_display_settings       [   0.09671] Single Buffer requirement not met.
display  D   display_settings.c:212  debug_display_settings           [   0.09672] color: 32 (rgba 8880), depth: 0, stencil: 0, acc: 0000, samples: 0/0
display  D   display_settings.c:398  _al_score_display_settings       [   0.09678] Single Buffer requirement not met.
display  D   display_settings.c:212  debug_display_settings           [   0.09681] color: 32 (rgba 8880), depth: 24, stencil: 8, acc: 0000, samples: 0/0
display  D   display_settings.c:398  _al_score_display_settings       [   0.09682] Single Buffer requirement not met.
display  D   display_settings.c:212  debug_display_settings           [   0.09684] color: 32 (rgba 8880), depth: 24, stencil: 8, acc: 0000, samples: 0/0
display  D   display_settings.c:398  _al_score_display_settings       [   0.09686] Single Buffer requirement not met.
display  D   display_settings.c:212  debug_display_settings           [   0.09687] color: 32 (rgba 8880), depth: 24, stencil: 0, acc: 0000, samples: 0/0
display  D   display_settings.c:398  _al_score_display_settings       [   0.09691] Single Buffer requirement not met.
display  D   display_settings.c:212  debug_display_settings           [   0.09694] color: 32 (rgba 8880), depth: 24, stencil: 0, acc: 0000, samples: 0/0
display  D   display_settings.c:398  _al_score_display_settings       [   0.09696] Single Buffer requirement not met.
display  D   display_settings.c:212  debug_display_settings           [   0.09699] color: 32 (rgba 8880), depth: 16, stencil: 0, acc: 0000, samples: 0/0
display  D   display_settings.c:398  _al_score_display_settings       [   0.09701] Single Buffer requirement not met.
display  D   display_settings.c:212  debug_display_settings           [   0.09702] color: 32 (rgba 8880), depth: 16, stencil: 0, acc: 0000, samples: 0/0
display  D   display_settings.c:398  _al_score_display_settings       [   0.09704] Single Buffer requirement not met.
display  D   display_settings.c:212  debug_display_settings           [   0.09705] color: 16 (rgba 5650), depth: 0, stencil: 0, acc: 0000, samples: 0/0
display  D   display_settings.c:398  _al_score_display_settings       [   0.09707] Single Buffer requirement not met.
display  D   display_settings.c:212  debug_display_settings           [   0.09709] color: 16 (rgba 5650), depth: 0, stencil: 0, acc: 0000, samples: 0/0
display  D   display_settings.c:398  _al_score_display_settings       [   0.09710] Single Buffer requirement not met.
display  D   display_settings.c:212  debug_display_settings           [   0.09712] color: 16 (rgba 5650), depth: 24, stencil: 8, acc: 0000, samples: 0/0
display  D   display_settings.c:398  _al_score_display_settings       [   0.09713] Single Buffer requirement not met.
display  D   display_settings.c:212  debug_display_settings           [   0.09715] color: 16 (rgba 5650), depth: 24, stencil: 8, acc: 0000, samples: 0/0
display  D   display_settings.c:398  _al_score_display_settings       [   0.09716] Single Buffer requirement not met.
display  D   display_settings.c:212  debug_display_settings           [   0.09718] color: 16 (rgba 5650), depth: 24, stencil: 0, acc: 0000, samples: 0/0
display  D   display_settings.c:398  _al_score_display_settings       [   0.09719] Single Buffer requirement not met.
display  D   display_settings.c:212  debug_display_settings           [   0.09721] color: 16 (rgba 5650), depth: 24, stencil: 0, acc: 0000, samples: 0/0
display  D   display_settings.c:398  _al_score_display_settings       [   0.09722] Single Buffer requirement not met.
display  D   display_settings.c:212  debug_display_settings           [   0.09724] color: 16 (rgba 5650), depth: 16, stencil: 0, acc: 0000, samples: 0/0
display  D   display_settings.c:398  _al_score_display_settings       [   0.09725] Single Buffer requirement not met.
display  D   display_settings.c:212  debug_display_settings           [   0.09727] color: 16 (rgba 5650), depth: 16, stencil: 0, acc: 0000, samples: 0/0
display  D   display_settings.c:398  _al_score_display_settings       [   0.09728] Single Buffer requirement not met.
display  D   display_settings.c:212  debug_display_settings           [   0.09730] color: 32 (rgba 8880), depth: 0, stencil: 0, acc: 0000, samples: 0/0
display  D   display_settings.c:527  _al_score_display_settings       [   0.09731] Score is : 769
display  D   display_settings.c:212  debug_display_settings           [   0.09733] color: 32 (rgba 8880), depth: 0, stencil: 0, acc: 0000, samples: 0/0
display  D   display_settings.c:527  _al_score_display_settings       [   0.09734] Score is : 769
display  D   display_settings.c:212  debug_display_settings           [   0.09736] color: 32 (rgba 8880), depth: 24, stencil: 8, acc: 0000, samples: 0/0
display  D   display_settings.c:527  _al_score_display_settings       [   0.09737] Score is : 769
display  D   display_settings.c:212  debug_display_settings           [   0.09739] color: 32 (rgba 8880), depth: 24, stencil: 8, acc: 0000, samples: 0/0
display  D   display_settings.c:527  _al_score_display_settings       [   0.09740] Score is : 769
display  D   display_settings.c:212  debug_display_settings           [   0.09742] color: 32 (rgba 8880), depth: 24, stencil: 0, acc: 0000, samples: 0/0
display  D   display_settings.c:527  _al_score_display_settings       [   0.09743] Score is : 769
display  D   display_settings.c:212  debug_display_settings           [   0.09745] color: 32 (rgba 8880), depth: 24, stencil: 0, acc: 0000, samples: 0/0
display  D   display_settings.c:527  _al_score_display_settings       [   0.09746] Score is : 769
display  D   display_settings.c:212  debug_display_settings           [   0.09748] color: 32 (rgba 8880), depth: 16, stencil: 0, acc: 0000, samples: 0/0
display  D   display_settings.c:527  _al_score_display_settings       [   0.09749] Score is : 769
display  D   display_settings.c:212  debug_display_settings           [   0.09751] color: 32 (rgba 8880), depth: 16, stencil: 0, acc: 0000, samples: 0/0
display  D   display_settings.c:527  _al_score_display_settings       [   0.09752] Score is : 769
display  D   display_settings.c:212  debug_display_settings           [   0.09754] color: 16 (rgba 5650), depth: 0, stencil: 0, acc: 0000, samples: 0/0
display  D   display_settings.c:527  _al_score_display_settings       [   0.09755] Score is : 769
display  D   display_settings.c:212  debug_display_settings           [   0.09757] color: 16 (rgba 5650), depth: 0, stencil: 0, acc: 0000, samples: 0/0
display  D   display_settings.c:527  _al_score_display_settings       [   0.09758] Score is : 769
display  D   display_settings.c:212  debug_display_settings           [   0.09760] color: 16 (rgba 5650), depth: 24, stencil: 8, acc: 0000, samples: 0/0
display  D   display_settings.c:527  _al_score_display_settings       [   0.09762] Score is : 769
display  D   display_settings.c:212  debug_display_settings           [   0.09763] color: 16 (rgba 5650), depth: 24, stencil: 8, acc: 0000, samples: 0/0
display  D   display_settings.c:527  _al_score_display_settings       [   0.09765] Score is : 769
display  D   display_settings.c:212  debug_display_settings           [   0.09766] color: 16 (rgba 5650), depth: 24, stencil: 0, acc: 0000, samples: 0/0
display  D   display_settings.c:527  _al_score_display_settings       [   0.09768] Score is : 769
display  D   display_settings.c:212  debug_display_settings           [   0.09769] color: 16 (rgba 5650), depth: 24, stencil: 0, acc: 0000, samples: 0/0
display  D   display_settings.c:527  _al_score_display_settings       [   0.09771] Score is : 769
display  D   display_settings.c:212  debug_display_settings           [   0.09772] color: 16 (rgba 5650), depth: 16, stencil: 0, acc: 0000, samples: 0/0
display  D   display_settings.c:527  _al_score_display_settings       [   0.09774] Score is : 769
display  D   display_settings.c:212  debug_display_settings           [   0.09775] color: 16 (rgba 5650), depth: 16, stencil: 0, acc: 0000, samples: 0/0
display  D   display_settings.c:527  _al_score_display_settings       [   0.09777] Score is : 769
display  D   display_settings.c:212  debug_display_settings           [   0.09778] color: 32 (rgba 8880), depth: 0, stencil: 0, acc: 0000, samples: 0/0
display  D   display_settings.c:398  _al_score_display_settings       [   0.09780] Single Buffer requirement not met.
display  D   display_settings.c:212  debug_display_settings           [   0.09782] color: 32 (rgba 8880), depth: 0, stencil: 0, acc: 0000, samples: 0/0
display  D   display_settings.c:398  _al_score_display_settings       [   0.09784] Single Buffer requirement not met.
display  D   display_settings.c:212  debug_display_settings           [   0.09785] color: 32 (rgba 8880), depth: 24, stencil: 8, acc: 0000, samples: 0/0
display  D   display_settings.c:398  _al_score_display_settings       [   0.09787] Single Buffer requirement not met.
display  D   display_settings.c:212  debug_display_settings           [   0.09788] color: 32 (rgba 8880), depth: 24, stencil: 8, acc: 0000, samples: 0/0
display  D   display_settings.c:398  _al_score_display_settings       [   0.09790] Single Buffer requirement not met.
display  D   display_settings.c:212  debug_display_settings           [   0.09791] color: 32 (rgba 8880), depth: 24, stencil: 0, acc: 0000, samples: 0/0
display  D   display_settings.c:398  _al_score_display_settings       [   0.09793] Single Buffer requirement not met.
display  D   display_settings.c:212  debug_display_settings           [   0.09794] color: 32 (rgba 8880), depth: 24, stencil: 0, acc: 0000, samples: 0/0
display  D   display_settings.c:398  _al_score_display_settings       [   0.09796] Single Buffer requirement not met.
display  D   display_settings.c:212  debug_display_settings           [   0.09797] color: 32 (rgba 8880), depth: 16, stencil: 0, acc: 0000, samples: 0/0
display  D   display_settings.c:398  _al_score_display_settings       [   0.09799] Single Buffer requirement not met.
display  D   display_settings.c:212  debug_display_settings           [   0.09802] color: 32 (rgba 8880), depth: 16, stencil: 0, acc: 0000, samples: 0/0
display  D   display_settings.c:398  _al_score_display_settings       [   0.09804] Single Buffer requirement not met.
display  D   display_settings.c:212  debug_display_settings           [   0.09805] color: 16 (rgba 5650), depth: 0, stencil: 0, acc: 0000, samples: 0/0
display  D   display_settings.c:398  _al_score_display_settings       [   0.09807] Single Buffer requirement not met.
display  D   display_settings.c:212  debug_display_settings           [   0.09808] color: 16 (rgba 5650), depth: 0, stencil: 0, acc: 0000, samples: 0/0
display  D   display_settings.c:398  _al_score_display_settings       [   0.09810] Single Buffer requirement not met.
display  D   display_settings.c:212  debug_display_settings           [   0.09811] color: 16 (rgba 5650), depth: 24, stencil: 8, acc: 0000, samples: 0/0
display  D   display_settings.c:398  _al_score_display_settings       [   0.09813] Single Buffer requirement not met.
display  D   display_settings.c:212  debug_display_settings           [   0.09814] color: 16 (rgba 5650), depth: 24, stencil: 8, acc: 0000, samples: 0/0
display  D   display_settings.c:398  _al_score_display_settings       [   0.09816] Single Buffer requirement not met.
display  D   display_settings.c:212  debug_display_settings           [   0.09817] color: 16 (rgba 5650), depth: 24, stencil: 0, acc: 0000, samples: 0/0
display  D   display_settings.c:398  _al_score_display_settings       [   0.09819] Single Buffer requirement not met.
display  D   display_settings.c:212  debug_display_settings           [   0.09820] color: 16 (rgba 5650), depth: 24, stencil: 0, acc: 0000, samples: 0/0
display  D   display_settings.c:398  _al_score_display_settings       [   0.09822] Single Buffer requirement not met.
display  D   display_settings.c:212  debug_display_settings           [   0.09823] color: 16 (rgba 5650), depth: 16, stencil: 0, acc: 0000, samples: 0/0
display  D   display_settings.c:398  _al_score_display_settings       [   0.09825] Single Buffer requirement not met.
display  D   display_settings.c:212  debug_display_settings           [   0.09826] color: 16 (rgba 5650), depth: 16, stencil: 0, acc: 0000, samples: 0/0
display  D   display_settings.c:398  _al_score_display_settings       [   0.09828] Single Buffer requirement not met.
d3d      D         d3d_disp.cpp:1682 d3d_create_display_internals     [   0.09830] Trying format 0.
d3d      I         d3d_disp.cpp:1358 d3d_display_thread_proc          [   0.09857] Chose a display format: 23
d3d      I         d3d_disp.cpp:1427 d3d_display_thread_proc          [   0.09860] Normal window.
d3d      I         d3d_disp.cpp:791  d3d_create_device                [   0.14451] Using no depth stencil buffer
d3d      D         d3d_disp.cpp:853  d3d_create_device                [   0.16597] BeginScene succeeded in create_device
d3d      D         d3d_disp.cpp:861  d3d_create_device                [   0.16604] Success
d3d      D         d3d_disp.cpp:1705 d3d_create_display_internals     [   0.16612] Resumed after wait.
d3d      I         d3d_disp.cpp:1738 d3d_create_display_internals     [   0.16616] Format 0 succeeded.
d3d      D         d3d_disp.cpp:1769 d3d_create_display_internals     [   0.16619] Returning d3d_display: 0000000000ecb370
d3d      D         d3d_disp.cpp:1794 d3d_create_display_locked        [   0.16621] al_display=0000000000ecb370
d3d      D         d3d_disp.cpp:1795 d3d_create_display_locked        [   0.16622] al_display->vt=0000000000ecb200
system   D            wsystem.c:874  _al_win_safe_load_library        [   0.16649] PathFindOnPath found: C:\WINDOWS\system32\d3dx9_43.dll
system   D            wsystem.c:780  load_library_at_path             [   0.16652] Calling LoadLibrary C:\WINDOWS\system32\d3dx9_43.dll
system   I            wsystem.c:783  load_library_at_path             [   0.16716] Loaded C:\WINDOWS\system32\d3dx9_43.dll
d3dx9    I        d3d_d3dx9.cpp:88   _imp_load_d3dx9_module_version   [   0.16723] Module "d3dx9_43.dll" loaded.
stdio    D         file_stdio.c:110  file_stdio_fopen                 [   0.16728] opening assets/font/pirulen.ttf rb
font     D                ttf.c:943  al_load_ttf_font_stretch_f       [   0.16761] Font assets/font/pirulen.ttf loaded with pixel size 0 x 12.
font     D                ttf.c:945  al_load_ttf_font_stretch_f       [   0.16764]     ascent=12.0, descent=-3.0, height=14.0
dtor     D               dtor.c:196  _al_register_destructor          [   0.16766] added dtor for ttf_font 000000000268b320, func 00007ff94b324c05
stdio    D         file_stdio.c:110  file_stdio_fopen                 [   0.16768] opening assets/sound/menu.mp3 rb
dtor     D               dtor.c:196  _al_register_destructor          [   0.78757] added dtor for sample 000000000268b740, func 00007ff94b331a1d
audio-dsound D           dsound.cpp:311  _dsound_allocate_voice           [   0.78848] Allocating voice
audio-dsound D           dsound.cpp:370  _dsound_allocate_voice           [   0.78861] Allocated voice
dtor     D               dtor.c:196  _al_register_destructor          [   0.78869] added dtor for voice 00000000026939f0, func 00007ff94b335024
dtor     D               dtor.c:196  _al_register_destructor          [   0.78875] added dtor for mixer 00000000026944c0, func 00007ff94b3304dc
audio-dsound D           dsound.cpp:466  _dsound_start_voice              [   0.78878] Starting voice
audio-dsound D           dsound.cpp:494  _dsound_start_voice              [   0.78880] CreateSoundBuffer
audio-dsound D           dsound.cpp:502  _dsound_start_voice              [   0.79267] CreateSoundBuffer succeeded
audio-dsound D           dsound.cpp:508  _dsound_start_voice              [   0.79274] Starting _dsound_update thread
audio-dsound I           dsound.cpp:518  _dsound_start_voice              [   0.79287] Voice started
dtor     D               dtor.c:196  _al_register_destructor          [   0.79290] added dtor for sample_instance 00000000026949f0, func 00007ff94b32929b
audio    D          kcm_mixer.c:121  _al_rechannel_matrix             [   0.79293] sample matrix:
audio    D          kcm_mixer.c:127  _al_rechannel_matrix             [   0.79295] 
audio    D          kcm_mixer.c:127  _al_rechannel_matrix             [   0.79298] 
dtor     D               dtor.c:196  _al_register_destructor          [   0.79301] added dtor for sample_instance 0000000002694b10, func 00007ff94b32929b
audio    D          kcm_mixer.c:121  _al_rechannel_matrix             [   0.79305] sample matrix:
audio    D          kcm_mixer.c:127  _al_rechannel_matrix             [   0.79308] 
audio    D          kcm_mixer.c:127  _al_rechannel_matrix             [   0.79310] 
dtor     D               dtor.c:196  _al_register_destructor          [   0.79311] added dtor for sample_instance 0000000002692250, func 00007ff94b32929b
audio    D          kcm_mixer.c:121  _al_rechannel_matrix             [   0.79313] sample matrix:
audio    D          kcm_mixer.c:127  _al_rechannel_matrix             [   0.79315] 
audio    D          kcm_mixer.c:127  _al_rechannel_matrix             [   0.79316] 
dtor     D               dtor.c:196  _al_register_destructor          [   0.79318] added dtor for sample_instance 0000000002694700, func 00007ff94b32929b
audio    D          kcm_mixer.c:121  _al_rechannel_matrix             [   0.79320] sample matrix:
audio    D          kcm_mixer.c:127  _al_rechannel_matrix             [   0.79321] 
audio    D          kcm_mixer.c:127  _al_rechannel_matrix             [   0.79323] 
dtor     D               dtor.c:196  _al_register_destructor          [   0.79324] added dtor for sample_instance 00000000026948b0, func 00007ff94b32929b
audio    D          kcm_mixer.c:121  _al_rechannel_matrix             [   0.79326] sample matrix:
audio    D          kcm_mixer.c:127  _al_rechannel_matrix             [   0.79328] 
audio    D          kcm_mixer.c:127  _al_rechannel_matrix             [   0.79329] 
dtor     D               dtor.c:196  _al_register_destructor          [   0.79331] added dtor for sample_instance 0000000002692370, func 00007ff94b32929b
audio    D          kcm_mixer.c:121  _al_rechannel_matrix             [   0.79333] sample matrix:
audio    D          kcm_mixer.c:127  _al_rechannel_matrix             [   0.79335] 
audio    D          kcm_mixer.c:127  _al_rechannel_matrix             [   0.79336] 
dtor     D               dtor.c:196  _al_register_destructor          [   0.79338] added dtor for sample_instance 0000000002692490, func 00007ff94b32929b
audio    D          kcm_mixer.c:121  _al_rechannel_matrix             [   0.79339] sample matrix:
audio    D          kcm_mixer.c:127  _al_rechannel_matrix             [   0.79341] 
audio    D          kcm_mixer.c:127  _al_rechannel_matrix             [   0.79342] 
dtor     D               dtor.c:196  _al_register_destructor          [   0.79344] added dtor for sample_instance 00000000026925b0, func 00007ff94b32929b
audio    D          kcm_mixer.c:121  _al_rechannel_matrix             [   0.79346] sample matrix:
audio    D          kcm_mixer.c:127  _al_rechannel_matrix             [   0.79347] 
audio    D          kcm_mixer.c:127  _al_rechannel_matrix             [   0.79349] 
dtor     D               dtor.c:196  _al_register_destructor          [   0.79350] added dtor for sample_instance 00000000026927e0, func 00007ff94b32929b
audio    D          kcm_mixer.c:121  _al_rechannel_matrix             [   0.79352] sample matrix:
audio    D          kcm_mixer.c:127  _al_rechannel_matrix             [   0.79354] 
audio    D          kcm_mixer.c:127  _al_rechannel_matrix             [   0.79355] 
dtor     D               dtor.c:196  _al_register_destructor          [   0.79357] added dtor for sample_instance 0000000002692900, func 00007ff94b32929b
audio    D          kcm_mixer.c:121  _al_rechannel_matrix             [   0.79359] sample matrix:
audio    D          kcm_mixer.c:127  _al_rechannel_matrix             [   0.79360] 
audio    D          kcm_mixer.c:127  _al_rechannel_matrix             [   0.79362] 
dtor     D               dtor.c:196  _al_register_destructor          [   0.79363] added dtor for sample_instance 0000000002692a20, func 00007ff94b32929b
audio    D          kcm_mixer.c:121  _al_rechannel_matrix             [   0.79385] sample matrix:
audio    D          kcm_mixer.c:127  _al_rechannel_matrix             [   0.79393] 
audio    D          kcm_mixer.c:127  _al_rechannel_matrix             [   0.79399] 
dtor     D               dtor.c:196  _al_register_destructor          [   0.79402] added dtor for sample_instance 0000000002692b40, func 00007ff94b32929b
audio    D          kcm_mixer.c:121  _al_rechannel_matrix             [   0.79404] sample matrix:
audio    D          kcm_mixer.c:127  _al_rechannel_matrix             [   0.79405] 
audio    D          kcm_mixer.c:127  _al_rechannel_matrix             [   0.79408] 
dtor     D               dtor.c:196  _al_register_destructor          [   0.79410] added dtor for sample_instance 00000000026a1530, func 00007ff94b32929b
audio    D          kcm_mixer.c:121  _al_rechannel_matrix             [   0.79412] sample matrix:
audio    D          kcm_mixer.c:127  _al_rechannel_matrix             [   0.79415] 
audio    D          kcm_mixer.c:127  _al_rechannel_matrix             [   0.79420] 
dtor     D               dtor.c:196  _al_register_destructor          [   0.79422] added dtor for sample_instance 00000000026a1770, func 00007ff94b32929b
audio    D          kcm_mixer.c:121  _al_rechannel_matrix             [   0.79424] sample matrix:
audio    D          kcm_mixer.c:127  _al_rechannel_matrix             [   0.79427] 
audio    D          kcm_mixer.c:127  _al_rechannel_matrix             [   0.79430] 
dtor     D               dtor.c:196  _al_register_destructor          [   0.79435] added dtor for sample_instance 00000000026a0f90, func 00007ff94b32929b
audio    D          kcm_mixer.c:121  _al_rechannel_matrix             [   0.79437] sample matrix:
audio    D          kcm_mixer.c:127  _al_rechannel_matrix             [   0.79438] 
audio    D          kcm_mixer.c:127  _al_rechannel_matrix             [   0.79441] 
dtor     D               dtor.c:196  _al_register_destructor          [   0.79445] added dtor for sample_instance 00000000026a1410, func 00007ff94b32929b
audio    D          kcm_mixer.c:121  _al_rechannel_matrix             [   0.79450] sample matrix:
audio    D          kcm_mixer.c:127  _al_rechannel_matrix             [   0.79451] 
audio    D          kcm_mixer.c:127  _al_rechannel_matrix             [   0.79453] 
dtor     D               dtor.c:196  _al_register_destructor          [   0.79456] added dtor for sample_instance 00000000026a1bf0, func 00007ff94b32929b
audio    D          kcm_mixer.c:121  _al_rechannel_matrix             [   0.79458] sample matrix:
audio    D          kcm_mixer.c:127  _al_rechannel_matrix             [   0.79459] 
audio    D          kcm_mixer.c:127  _al_rechannel_matrix             [   0.79461] 
dtor     D               dtor.c:196  _al_register_destructor          [   0.79463] added dtor for sample_instance 00000000026a1d10, func 00007ff94b32929b
audio    D          kcm_mixer.c:121  _al_rechannel_matrix             [   0.79466] sample matrix:
audio    D          kcm_mixer.c:127  _al_rechannel_matrix             [   0.79468] 
audio    D          kcm_mixer.c:127  _al_rechannel_matrix             [   0.79470] 
dtor     D               dtor.c:196  _al_register_destructor          [   0.79471] added dtor for sample_instance 00000000026a10b0, func 00007ff94b32929b
audio    D          kcm_mixer.c:121  _al_rechannel_matrix             [   0.79474] sample matrix:
audio    D          kcm_mixer.c:127  _al_rechannel_matrix             [   0.79476] 
audio    D          kcm_mixer.c:127  _al_rechannel_matrix             [   0.79479] 
dtor     D               dtor.c:196  _al_register_destructor          [   0.79482] added dtor for sample_instance 00000000026a12f0, func 00007ff94b32929b
audio    D          kcm_mixer.c:121  _al_rechannel_matrix             [   0.79486] sample matrix:
audio    D          kcm_mixer.c:127  _al_rechannel_matrix             [   0.79487] 
audio    D          kcm_mixer.c:127  _al_rechannel_matrix             [   0.79489] 
dtor     D               dtor.c:196  _al_register_destructor          [   0.79494] added dtor for sample_instance 00000000026a1650, func 00007ff94b32929b
audio-dsound D           dsound.cpp:528  _dsound_stop_voice               [   0.79495] Stopping voice
audio-dsound D           dsound.cpp:545  _dsound_stop_voice               [   0.79497] Joining thread
audio-dsound D           dsound.cpp:551  _dsound_stop_voice               [   1.12775] Joined thread
audio-dsound D           dsound.cpp:553  _dsound_stop_voice               [   1.12781] Destroying thread
audio-dsound D           dsound.cpp:555  _dsound_stop_voice               [   1.12784] Thread destroyed
audio-dsound D           dsound.cpp:562  _dsound_stop_voice               [   1.12785] Releasing buffer
audio-dsound I           dsound.cpp:566  _dsound_stop_voice               [   1.12787] Voice stopped
audio-dsound D           dsound.cpp:466  _dsound_start_voice              [   1.12789] Starting voice
audio-dsound D           dsound.cpp:494  _dsound_start_voice              [   1.12790] CreateSoundBuffer
audio-dsound D           dsound.cpp:502  _dsound_start_voice              [   1.12799] CreateSoundBuffer succeeded
audio-dsound D           dsound.cpp:508  _dsound_start_voice              [   1.12803] Starting _dsound_update thread
audio-dsound I           dsound.cpp:518  _dsound_start_voice              [   1.12818] Voice started
audio    D          kcm_mixer.c:121  _al_rechannel_matrix             [   1.12823] sample matrix:
audio    D          kcm_mixer.c:127  _al_rechannel_matrix             [   1.12830]  0.707107 0.000000
audio    D          kcm_mixer.c:127  _al_rechannel_matrix             [   1.12834]  0.000000 0.707107
audio    D          kcm_mixer.c:121  _al_rechannel_matrix             [   1.12836] sample matrix:
audio    D          kcm_mixer.c:127  _al_rechannel_matrix             [   1.12840]  0.070711 0.000000
audio    D          kcm_mixer.c:127  _al_rechannel_matrix             [   1.12843]  0.000000 0.070711
dtor     D               dtor.c:196  _al_register_destructor          [   1.12847] added dtor for queue 0000000002698c40, func 00007ff94b22c5dc
dtor     D               dtor.c:196  _al_register_destructor          [   1.13388] added dtor for timer 0000000002698d10, func 00007ff94b23fb3b
stdio    D         file_stdio.c:110  file_stdio_fopen                 [   1.13423] opening assets/image/icon.jpg rb
stdio    D         file_stdio.c:110  file_stdio_fopen                 [   1.13466] opening assets/image/icon.jpg rb
d3d      D         d3d_disp.cpp:1202 real_choose_bitmap_format        [   1.13494] Fake format
d3d      D         d3d_disp.cpp:1202 real_choose_bitmap_format        [   1.13501] Fake format
d3d      D         d3d_disp.cpp:1202 real_choose_bitmap_format        [   1.13504] Fake format
d3d      D         d3d_disp.cpp:1202 real_choose_bitmap_format        [   1.13506] Fake format
d3d      D         d3d_disp.cpp:1202 real_choose_bitmap_format        [   1.13508] Fake format
d3d      D         d3d_disp.cpp:1202 real_choose_bitmap_format        [   1.13513] Fake format
d3d      D         d3d_disp.cpp:1202 real_choose_bitmap_format        [   1.13517] Fake format
d3d      D         d3d_disp.cpp:1202 real_choose_bitmap_format        [   1.13520] Fake format
d3d      D         d3d_disp.cpp:1202 real_choose_bitmap_format        [   1.13522] Fake format
d3d      D         d3d_disp.cpp:1210 real_choose_bitmap_format        [   1.13525] Alpha doesn't match
d3d      D         d3d_disp.cpp:1217 real_choose_bitmap_format        [   1.13528] Adapter format is 23
d3d      D         d3d_disp.cpp:1220 real_choose_bitmap_format        [   1.13532] Found a format
d3d      I         d3d_disp.cpp:2391 d3d_create_bitmap                [   1.13533] Chose bitmap format 9
dtor     D               dtor.c:196  _al_register_destructor          [   1.13600] added dtor for bitmap 00000000026c8bc0, func 00007ff94b201bea
d3d      D         d3d_disp.cpp:1202 real_choose_bitmap_format        [   1.13827] Fake format
d3d      D         d3d_disp.cpp:1202 real_choose_bitmap_format        [   1.13833] Fake format
d3d      D         d3d_disp.cpp:1202 real_choose_bitmap_format        [   1.13838] Fake format
d3d      D         d3d_disp.cpp:1202 real_choose_bitmap_format        [   1.13840] Fake format
d3d      D         d3d_disp.cpp:1202 real_choose_bitmap_format        [   1.13842] Fake format
d3d      D         d3d_disp.cpp:1202 real_choose_bitmap_format        [   1.13843] Fake format
d3d      D         d3d_disp.cpp:1202 real_choose_bitmap_format        [   1.13845] Fake format
d3d      D         d3d_disp.cpp:1202 real_choose_bitmap_format        [   1.13848] Fake format
d3d      D         d3d_disp.cpp:1202 real_choose_bitmap_format        [   1.13850] Fake format
d3d      D         d3d_disp.cpp:1210 real_choose_bitmap_format        [   1.13851] Alpha doesn't match
d3d      D         d3d_disp.cpp:1217 real_choose_bitmap_format        [   1.13853] Adapter format is 23
d3d      D         d3d_disp.cpp:1220 real_choose_bitmap_format        [   1.13854] Found a format
d3d      I         d3d_disp.cpp:2391 d3d_create_bitmap                [   1.13856] Chose bitmap format 9
dtor     D               dtor.c:196  _al_register_destructor          [   1.13869] added dtor for bitmap 0000000002758d20, func 00007ff94b201bea
d3d      D          d3d_bmp.cpp:539  _al_d3d_sync_bitmap              [   1.14693] _al_d3d_sync_bitmap (system) ref count == 1
d3d      D          d3d_bmp.cpp:545  _al_d3d_sync_bitmap              [   1.14700] _al_d3d_sync_bitmap (video) ref count == 1
dtor     D               dtor.c:227  _al_unregister_destructor        [   1.15057] removed dtor for bitmap 0000000002758d20
d3d      D         d3d_disp.cpp:1202 real_choose_bitmap_format        [   1.15196] Fake format
d3d      D         d3d_disp.cpp:1202 real_choose_bitmap_format        [   1.15203] Fake format
d3d      D         d3d_disp.cpp:1202 real_choose_bitmap_format        [   1.15206] Fake format
d3d      D         d3d_disp.cpp:1202 real_choose_bitmap_format        [   1.15208] Fake format
d3d      D         d3d_disp.cpp:1202 real_choose_bitmap_format        [   1.15210] Fake format
d3d      D         d3d_disp.cpp:1202 real_choose_bitmap_format        [   1.15212] Fake format
d3d      D         d3d_disp.cpp:1202 real_choose_bitmap_format        [   1.15214] Fake format
d3d      D         d3d_disp.cpp:1202 real_choose_bitmap_format        [   1.15216] Fake format
d3d      D         d3d_disp.cpp:1202 real_choose_bitmap_format        [   1.15223] Fake format
d3d      D         d3d_disp.cpp:1210 real_choose_bitmap_format        [   1.15230] Alpha doesn't match
d3d      D         d3d_disp.cpp:1217 real_choose_bitmap_format        [   1.15237] Adapter format is 23
d3d      D         d3d_disp.cpp:1220 real_choose_bitmap_format        [   1.15244] Found a format
d3d      I         d3d_disp.cpp:2391 d3d_create_bitmap                [   1.15249] Chose bitmap format 9
dtor     D               dtor.c:196  _al_register_destructor          [   1.15277] added dtor for bitmap 0000000002758d20, func 00007ff94b201bea
d3d      D          d3d_bmp.cpp:539  _al_d3d_sync_bitmap              [   1.16855] _al_d3d_sync_bitmap (system) ref count == 1
d3d      D          d3d_bmp.cpp:545  _al_d3d_sync_bitmap              [   1.16861] _al_d3d_sync_bitmap (video) ref count == 1
dtor     D               dtor.c:227  _al_unregister_destructor        [   1.17709] removed dtor for bitmap 0000000002758d20
d3d      D         d3d_disp.cpp:1202 real_choose_bitmap_format        [   1.17900] Fake format
d3d      D         d3d_disp.cpp:1202 real_choose_bitmap_format        [   1.17907] Fake format
d3d      D         d3d_disp.cpp:1202 real_choose_bitmap_format        [   1.17909] Fake format
d3d      D         d3d_disp.cpp:1202 real_choose_bitmap_format        [   1.17910] Fake format
d3d      D         d3d_disp.cpp:1202 real_choose_bitmap_format        [   1.17912] Fake format
d3d      D         d3d_disp.cpp:1202 real_choose_bitmap_format        [   1.17913] Fake format
d3d      D         d3d_disp.cpp:1202 real_choose_bitmap_format        [   1.17914] Fake format
d3d      D         d3d_disp.cpp:1202 real_choose_bitmap_format        [   1.17916] Fake format
d3d      D         d3d_disp.cpp:1202 real_choose_bitmap_format        [   1.17917] Fake format
d3d      D         d3d_disp.cpp:1210 real_choose_bitmap_format        [   1.17919] Alpha doesn't match
d3d      D         d3d_disp.cpp:1217 real_choose_bitmap_format        [   1.17920] Adapter format is 23
d3d      D         d3d_disp.cpp:1220 real_choose_bitmap_format        [   1.17922] Found a format
d3d      I         d3d_disp.cpp:2391 d3d_create_bitmap                [   1.17923] Chose bitmap format 9
font     D                ttf.c:243  alloc_glyph_region               [   1.17949] Glyph 50: 13x11 (16x12)
font     D                ttf.c:287  alloc_glyph_region               [   1.17952] Locking glyph region: 00000000026c2580 0 0 16 12
font     D                ttf.c:167  unlock_current_page              [   1.17957] Unlocking page: 00000000026c2580
font     D                ttf.c:243  alloc_glyph_region               [   1.17972] Glyph 84: 13x11 (16x12)
font     D                ttf.c:287  alloc_glyph_region               [   1.17974] Locking glyph region: 00000000026c2580 16 0 16 12
font     D                ttf.c:167  unlock_current_page              [   1.17976] Unlocking page: 00000000026c2580
font     D                ttf.c:243  alloc_glyph_region               [   1.17988] Glyph 71: 12x11 (12x12)
font     D                ttf.c:287  alloc_glyph_region               [   1.17989] Locking glyph region: 00000000026c2580 32 0 12 12
font     D                ttf.c:167  unlock_current_page              [   1.17991] Unlocking page: 00000000026c2580
font     D                ttf.c:243  alloc_glyph_region               [   1.18016] Glyph 85: 13x11 (16x12)
font     D                ttf.c:287  alloc_glyph_region               [   1.18019] Locking glyph region: 00000000026c2580 44 0 16 12
font     D                ttf.c:167  unlock_current_page              [   1.18021] Unlocking page: 00000000026c2580
font     D                ttf.c:446  cache_glyph                      [   1.18024] Glyph 2 has zero size.
font     D                ttf.c:243  alloc_glyph_region               [   1.18030] Glyph 9: 5x5 (8x8)
font     D                ttf.c:287  alloc_glyph_region               [   1.18031] Locking glyph region: 00000000026c2580 60 0 8 8
font     D                ttf.c:167  unlock_current_page              [   1.18033] Unlocking page: 00000000026c2580
font     D                ttf.c:243  alloc_glyph_region               [   1.18041] Glyph 39: 12x11 (12x12)
font     D                ttf.c:287  alloc_glyph_region               [   1.18043] Locking glyph region: 00000000026c2580 68 0 12 12
font     D                ttf.c:167  unlock_current_page              [   1.18045] Unlocking page: 00000000026c2580
font     D                ttf.c:243  alloc_glyph_region               [   1.18055] Glyph 80: 14x11 (16x12)
font     D                ttf.c:287  alloc_glyph_region               [   1.18056] Locking glyph region: 00000000026c2580 80 0 16 12
font     D                ttf.c:167  unlock_current_page              [   1.18058] Unlocking page: 00000000026c2580
font     D                ttf.c:243  alloc_glyph_region               [   1.18068] Glyph 86: 13x11 (16x12)
font     D                ttf.c:287  alloc_glyph_region               [   1.18070] Locking glyph region: 00000000026c2580 96 0 16 12
font     D                ttf.c:167  unlock_current_page              [   1.18072] Unlocking page: 00000000026c2580
font     D                ttf.c:243  alloc_glyph_region               [   1.18082] Glyph 81: 14x11 (16x12)
font     D                ttf.c:287  alloc_glyph_region               [   1.18084] Locking glyph region: 00000000026c2580 112 0 16 12
font     D                ttf.c:167  unlock_current_page              [   1.18086] Unlocking page: 00000000026c2580
font     D                ttf.c:243  alloc_glyph_region               [   1.18100] Glyph 67: 15x11 (16x12)
font     D                ttf.c:287  alloc_glyph_region               [   1.18102] Locking glyph region: 00000000026c2580 128 0 16 12
font     D                ttf.c:167  unlock_current_page              [   1.18106] Unlocking page: 00000000026c2580
d3d      D          d3d_bmp.cpp:539  _al_d3d_sync_bitmap              [   1.18586] _al_d3d_sync_bitmap (system) ref count == 1
d3d      D          d3d_bmp.cpp:545  _al_d3d_sync_bitmap              [   1.18600] _al_d3d_sync_bitmap (video) ref count == 1
d3d      D          d3d_bmp.cpp:539  _al_d3d_sync_bitmap              [   1.18823] _al_d3d_sync_bitmap (system) ref count == 1
d3d      D          d3d_bmp.cpp:545  _al_d3d_sync_bitmap              [   1.18836] _al_d3d_sync_bitmap (video) ref count == 1
dtor     D               dtor.c:227  _al_unregister_destructor        [   4.61799] removed dtor for ttf_font 000000000268b320
dtor     D               dtor.c:227  _al_unregister_destructor        [   4.61842] removed dtor for sample 000000000268b740
dtor     D               dtor.c:227  _al_unregister_destructor        [   4.62261] removed dtor for sample_instance 00000000026a1650
stdio    D         file_stdio.c:110  file_stdio_fopen                 [   4.62269] opening assets/image/stage.jpg rb
stdio    D         file_stdio.c:110  file_stdio_fopen                 [   4.62313] opening assets/image/stage.jpg rb
d3d      D         d3d_disp.cpp:1202 real_choose_bitmap_format        [   4.62340] Fake format
d3d      D         d3d_disp.cpp:1202 real_choose_bitmap_format        [   4.62344] Fake format
d3d      D         d3d_disp.cpp:1202 real_choose_bitmap_format        [   4.62348] Fake format
d3d      D         d3d_disp.cpp:1202 real_choose_bitmap_format        [   4.62351] Fake format
d3d      D         d3d_disp.cpp:1202 real_choose_bitmap_format        [   4.62355] Fake format
d3d      D         d3d_disp.cpp:1202 real_choose_bitmap_format        [   4.62358] Fake format
d3d      D         d3d_disp.cpp:1202 real_choose_bitmap_format        [   4.62362] Fake format
d3d      D         d3d_disp.cpp:1202 real_choose_bitmap_format        [   4.62365] Fake format
d3d      D         d3d_disp.cpp:1202 real_choose_bitmap_format        [   4.62368] Fake format
d3d      D         d3d_disp.cpp:1210 real_choose_bitmap_format        [   4.62372] Alpha doesn't match
d3d      D         d3d_disp.cpp:1217 real_choose_bitmap_format        [   4.62375] Adapter format is 23
d3d      D         d3d_disp.cpp:1220 real_choose_bitmap_format        [   4.62379] Found a format
d3d      I         d3d_disp.cpp:2391 d3d_create_bitmap                [   4.62382] Chose bitmap format 9
dtor     D               dtor.c:196  _al_register_destructor          [   4.62412] added dtor for bitmap 00000000026c8900, func 00007ff94b201bea
stdio    D         file_stdio.c:110  file_stdio_fopen                 [   4.63629] opening assets/image/floor.png rb
stdio    D         file_stdio.c:110  file_stdio_fopen                 [   4.63668] opening assets/image/floor.png rb
d3d      D         d3d_disp.cpp:1202 real_choose_bitmap_format        [   4.63693] Fake format
d3d      D         d3d_disp.cpp:1202 real_choose_bitmap_format        [   4.63697] Fake format
d3d      D         d3d_disp.cpp:1202 real_choose_bitmap_format        [   4.63700] Fake format
d3d      D         d3d_disp.cpp:1202 real_choose_bitmap_format        [   4.63703] Fake format
d3d      D         d3d_disp.cpp:1202 real_choose_bitmap_format        [   4.63706] Fake format
d3d      D         d3d_disp.cpp:1202 real_choose_bitmap_format        [   4.63709] Fake format
d3d      D         d3d_disp.cpp:1202 real_choose_bitmap_format        [   4.63711] Fake format
d3d      D         d3d_disp.cpp:1202 real_choose_bitmap_format        [   4.63714] Fake format
d3d      D         d3d_disp.cpp:1202 real_choose_bitmap_format        [   4.63716] Fake format
d3d      D         d3d_disp.cpp:1210 real_choose_bitmap_format        [   4.63719] Alpha doesn't match
d3d      D         d3d_disp.cpp:1217 real_choose_bitmap_format        [   4.63722] Adapter format is 23
d3d      D         d3d_disp.cpp:1220 real_choose_bitmap_format        [   4.63725] Found a format
d3d      I         d3d_disp.cpp:2391 d3d_create_bitmap                [   4.63728] Chose bitmap format 9
dtor     D               dtor.c:196  _al_register_destructor          [   4.63749] added dtor for bitmap 00000000026c4160, func 00007ff94b201bea
stdio    D         file_stdio.c:110  file_stdio_fopen                 [   4.63969] opening assets/image/teleport.png rb
stdio    D         file_stdio.c:110  file_stdio_fopen                 [   4.63990] opening assets/image/teleport.png rb
d3d      D         d3d_disp.cpp:1202 real_choose_bitmap_format        [   4.64004] Fake format
d3d      D         d3d_disp.cpp:1202 real_choose_bitmap_format        [   4.64007] Fake format
d3d      D         d3d_disp.cpp:1202 real_choose_bitmap_format        [   4.64009] Fake format
d3d      D         d3d_disp.cpp:1202 real_choose_bitmap_format        [   4.64012] Fake format
d3d      D         d3d_disp.cpp:1202 real_choose_bitmap_format        [   4.64014] Fake format
d3d      D         d3d_disp.cpp:1202 real_choose_bitmap_format        [   4.64016] Fake format
d3d      D         d3d_disp.cpp:1202 real_choose_bitmap_format        [   4.64018] Fake format
d3d      D         d3d_disp.cpp:1202 real_choose_bitmap_format        [   4.64021] Fake format
d3d      D         d3d_disp.cpp:1202 real_choose_bitmap_format        [   4.64023] Fake format
d3d      D         d3d_disp.cpp:1210 real_choose_bitmap_format        [   4.64025] Alpha doesn't match
d3d      D         d3d_disp.cpp:1217 real_choose_bitmap_format        [   4.64027] Adapter format is 23
d3d      D         d3d_disp.cpp:1220 real_choose_bitmap_format        [   4.64030] Found a format
d3d      I         d3d_disp.cpp:2391 d3d_create_bitmap                [   4.64032] Chose bitmap format 9
dtor     D               dtor.c:196  _al_register_destructor          [   4.64049] added dtor for bitmap 00000000026c1970, func 00007ff94b201bea
stdio    D         file_stdio.c:110  file_stdio_fopen                 [   4.64202] opening assets/image/tree.png rb
stdio    D         file_stdio.c:110  file_stdio_fopen                 [   4.64223] opening assets/image/tree.png rb
d3d      D         d3d_disp.cpp:1202 real_choose_bitmap_format        [   4.64236] Fake format
d3d      D         d3d_disp.cpp:1202 real_choose_bitmap_format        [   4.64240] Fake format
d3d      D         d3d_disp.cpp:1202 real_choose_bitmap_format        [   4.64242] Fake format
d3d      D         d3d_disp.cpp:1202 real_choose_bitmap_format        [   4.64244] Fake format
d3d      D         d3d_disp.cpp:1202 real_choose_bitmap_format        [   4.64247] Fake format
d3d      D         d3d_disp.cpp:1202 real_choose_bitmap_format        [   4.64249] Fake format
d3d      D         d3d_disp.cpp:1202 real_choose_bitmap_format        [   4.64251] Fake format
d3d      D         d3d_disp.cpp:1202 real_choose_bitmap_format        [   4.64253] Fake format
d3d      D         d3d_disp.cpp:1202 real_choose_bitmap_format        [   4.64256] Fake format
d3d      D         d3d_disp.cpp:1210 real_choose_bitmap_format        [   4.64258] Alpha doesn't match
d3d      D         d3d_disp.cpp:1217 real_choose_bitmap_format        [   4.64260] Adapter format is 23
d3d      D         d3d_disp.cpp:1220 real_choose_bitmap_format        [   4.64263] Found a format
d3d      I         d3d_disp.cpp:2391 d3d_create_bitmap                [   4.64265] Chose bitmap format 9
dtor     D               dtor.c:196  _al_register_destructor          [   4.64311] added dtor for bitmap 00000000026be870, func 00007ff94b201bea
stdio    D         file_stdio.c:110  file_stdio_fopen                 [   4.64899] opening assets/image/chara_stop.gif rb
d3d      D         d3d_disp.cpp:1202 real_choose_bitmap_format        [   4.65053] Fake format
d3d      D         d3d_disp.cpp:1202 real_choose_bitmap_format        [   4.65055] Fake format
d3d      D         d3d_disp.cpp:1202 real_choose_bitmap_format        [   4.65057] Fake format
d3d      D         d3d_disp.cpp:1202 real_choose_bitmap_format        [   4.65059] Fake format
d3d      D         d3d_disp.cpp:1202 real_choose_bitmap_format        [   4.65061] Fake format
d3d      D         d3d_disp.cpp:1202 real_choose_bitmap_format        [   4.65062] Fake format
d3d      D         d3d_disp.cpp:1202 real_choose_bitmap_format        [   4.65064] Fake format
d3d      D         d3d_disp.cpp:1202 real_choose_bitmap_format        [   4.65066] Fake format
d3d      D         d3d_disp.cpp:1202 real_choose_bitmap_format        [   4.65068] Fake format
d3d      D         d3d_disp.cpp:1210 real_choose_bitmap_format        [   4.65069] Alpha doesn't match
d3d      D         d3d_disp.cpp:1217 real_choose_bitmap_format        [   4.65071] Adapter format is 23
d3d      D         d3d_disp.cpp:1220 real_choose_bitmap_format        [   4.65073] Found a format
d3d      I         d3d_disp.cpp:2391 d3d_create_bitmap                [   4.65075] Chose bitmap format 9
dtor     D               dtor.c:196  _al_register_destructor          [   4.65090] added dtor for bitmap 00000000026c27d0, func 00007ff94b201bea
d3d      D         d3d_disp.cpp:1202 real_choose_bitmap_format        [   4.65682] Fake format
d3d      D         d3d_disp.cpp:1202 real_choose_bitmap_format        [   4.65688] Fake format
d3d      D         d3d_disp.cpp:1202 real_choose_bitmap_format        [   4.65690] Fake format
d3d      D         d3d_disp.cpp:1202 real_choose_bitmap_format        [   4.65692] Fake format
d3d      D         d3d_disp.cpp:1202 real_choose_bitmap_format        [   4.65693] Fake format
d3d      D         d3d_disp.cpp:1202 real_choose_bitmap_format        [   4.65695] Fake format
d3d      D         d3d_disp.cpp:1202 real_choose_bitmap_format        [   4.65697] Fake format
d3d      D         d3d_disp.cpp:1202 real_choose_bitmap_format        [   4.65698] Fake format
d3d      D         d3d_disp.cpp:1202 real_choose_bitmap_format        [   4.65700] Fake format
d3d      D         d3d_disp.cpp:1210 real_choose_bitmap_format        [   4.65702] Alpha doesn't match
d3d      D         d3d_disp.cpp:1217 real_choose_bitmap_format        [   4.65704] Adapter format is 23
d3d      D         d3d_disp.cpp:1220 real_choose_bitmap_format        [   4.65706] Found a format
d3d      I         d3d_disp.cpp:2391 d3d_create_bitmap                [   4.65707] Chose bitmap format 9
dtor     D               dtor.c:196  _al_register_destructor          [   4.65721] added dtor for bitmap 00000000026c2980, func 00007ff94b201bea
d3d      D         d3d_disp.cpp:1202 real_choose_bitmap_format        [   4.66452] Fake format
d3d      D         d3d_disp.cpp:1202 real_choose_bitmap_format        [   4.66456] Fake format
d3d      D         d3d_disp.cpp:1202 real_choose_bitmap_format        [   4.66458] Fake format
d3d      D         d3d_disp.cpp:1202 real_choose_bitmap_format        [   4.66460] Fake format
d3d      D         d3d_disp.cpp:1202 real_choose_bitmap_format        [   4.66461] Fake format
d3d      D         d3d_disp.cpp:1202 real_choose_bitmap_format        [   4.66465] Fake format
d3d      D         d3d_disp.cpp:1202 real_choose_bitmap_format        [   4.66466] Fake format
d3d      D         d3d_disp.cpp:1202 real_choose_bitmap_format        [   4.66467] Fake format
d3d      D         d3d_disp.cpp:1202 real_choose_bitmap_format        [   4.66469] Fake format
d3d      D         d3d_disp.cpp:1210 real_choose_bitmap_format        [   4.66470] Alpha doesn't match
d3d      D         d3d_disp.cpp:1217 real_choose_bitmap_format        [   4.66474] Adapter format is 23
d3d      D         d3d_disp.cpp:1220 real_choose_bitmap_format        [   4.66475] Found a format
d3d      I         d3d_disp.cpp:2391 d3d_create_bitmap                [   4.66477] Chose bitmap format 9
dtor     D               dtor.c:196  _al_register_destructor          [   4.66498] added dtor for bitmap 00000000026c2b30, func 00007ff94b201bea
d3d      D         d3d_disp.cpp:1202 real_choose_bitmap_format        [   4.67330] Fake format
d3d      D         d3d_disp.cpp:1202 real_choose_bitmap_format        [   4.67335] Fake format
d3d      D         d3d_disp.cpp:1202 real_choose_bitmap_format        [   4.67337] Fake format
d3d      D         d3d_disp.cpp:1202 real_choose_bitmap_format        [   4.67339] Fake format
d3d      D         d3d_disp.cpp:1202 real_choose_bitmap_format        [   4.67340] Fake format
d3d      D         d3d_disp.cpp:1202 real_choose_bitmap_format        [   4.67342] Fake format
d3d      D         d3d_disp.cpp:1202 real_choose_bitmap_format        [   4.67346] Fake format
d3d      D         d3d_disp.cpp:1202 real_choose_bitmap_format        [   4.67347] Fake format
d3d      D         d3d_disp.cpp:1202 real_choose_bitmap_format        [   4.67349] Fake format
d3d      D         d3d_disp.cpp:1210 real_choose_bitmap_format        [   4.67350] Alpha doesn't match
d3d      D         d3d_disp.cpp:1217 real_choose_bitmap_format        [   4.67352] Adapter format is 23
d3d      D         d3d_disp.cpp:1220 real_choose_bitmap_format        [   4.67354] Found a format
d3d      I         d3d_disp.cpp:2391 d3d_create_bitmap                [   4.67355] Chose bitmap format 9
dtor     D               dtor.c:196  _al_register_destructor          [   4.67367] added dtor for bitmap 00000000026c2ce0, func 00007ff94b201bea
stdio    D         file_stdio.c:110  file_stdio_fopen                 [   4.68156] opening assets/image/chara_move.gif rb
d3d      D         d3d_disp.cpp:1202 real_choose_bitmap_format        [   4.68272] Fake format
d3d      D         d3d_disp.cpp:1202 real_choose_bitmap_format        [   4.68274] Fake format
d3d      D         d3d_disp.cpp:1202 real_choose_bitmap_format        [   4.68276] Fake format
d3d      D         d3d_disp.cpp:1202 real_choose_bitmap_format        [   4.68277] Fake format
d3d      D         d3d_disp.cpp:1202 real_choose_bitmap_format        [   4.68279] Fake format
d3d      D         d3d_disp.cpp:1202 real_choose_bitmap_format        [   4.68281] Fake format
d3d      D         d3d_disp.cpp:1202 real_choose_bitmap_format        [   4.68282] Fake format
d3d      D         d3d_disp.cpp:1202 real_choose_bitmap_format        [   4.68284] Fake format
d3d      D         d3d_disp.cpp:1202 real_choose_bitmap_format        [   4.68285] Fake format
d3d      D         d3d_disp.cpp:1210 real_choose_bitmap_format        [   4.68286] Alpha doesn't match
d3d      D         d3d_disp.cpp:1217 real_choose_bitmap_format        [   4.68288] Adapter format is 23
d3d      D         d3d_disp.cpp:1220 real_choose_bitmap_format        [   4.68289] Found a format
d3d      I         d3d_disp.cpp:2391 d3d_create_bitmap                [   4.68291] Chose bitmap format 9
dtor     D               dtor.c:196  _al_register_destructor          [   4.68307] added dtor for bitmap 00000000026c0600, func 00007ff94b201bea
d3d      D         d3d_disp.cpp:1202 real_choose_bitmap_format        [   4.68978] Fake format
d3d      D         d3d_disp.cpp:1202 real_choose_bitmap_format        [   4.68984] Fake format
d3d      D         d3d_disp.cpp:1202 real_choose_bitmap_format        [   4.68986] Fake format
d3d      D         d3d_disp.cpp:1202 real_choose_bitmap_format        [   4.68987] Fake format
d3d      D         d3d_disp.cpp:1202 real_choose_bitmap_format        [   4.68989] Fake format
d3d      D         d3d_disp.cpp:1202 real_choose_bitmap_format        [   4.68990] Fake format
d3d      D         d3d_disp.cpp:1202 real_choose_bitmap_format        [   4.68992] Fake format
d3d      D         d3d_disp.cpp:1202 real_choose_bitmap_format        [   4.68993] Fake format
d3d      D         d3d_disp.cpp:1202 real_choose_bitmap_format        [   4.68995] Fake format
d3d      D         d3d_disp.cpp:1210 real_choose_bitmap_format        [   4.68996] Alpha doesn't match
d3d      D         d3d_disp.cpp:1217 real_choose_bitmap_format        [   4.68997] Adapter format is 23
d3d      D         d3d_disp.cpp:1220 real_choose_bitmap_format        [   4.69001] Found a format
d3d      I         d3d_disp.cpp:2391 d3d_create_bitmap                [   4.69003] Chose bitmap format 9
dtor     D               dtor.c:196  _al_register_destructor          [   4.69031] added dtor for bitmap 00000000026c07b0, func 00007ff94b201bea
d3d      D         d3d_disp.cpp:1202 real_choose_bitmap_format        [   4.69622] Fake format
d3d      D         d3d_disp.cpp:1202 real_choose_bitmap_format        [   4.69626] Fake format
d3d      D         d3d_disp.cpp:1202 real_choose_bitmap_format        [   4.69628] Fake format
d3d      D         d3d_disp.cpp:1202 real_choose_bitmap_format        [   4.69630] Fake format
d3d      D         d3d_disp.cpp:1202 real_choose_bitmap_format        [   4.69631] Fake format
d3d      D         d3d_disp.cpp:1202 real_choose_bitmap_format        [   4.69633] Fake format
d3d      D         d3d_disp.cpp:1202 real_choose_bitmap_format        [   4.69634] Fake format
d3d      D         d3d_disp.cpp:1202 real_choose_bitmap_format        [   4.69636] Fake format
d3d      D         d3d_disp.cpp:1202 real_choose_bitmap_format        [   4.69639] Fake format
d3d      D         d3d_disp.cpp:1210 real_choose_bitmap_format        [   4.69641] Alpha doesn't match
d3d      D         d3d_disp.cpp:1217 real_choose_bitmap_format        [   4.69642] Adapter format is 23
d3d      D         d3d_disp.cpp:1220 real_choose_bitmap_format        [   4.69644] Found a format
d3d      I         d3d_disp.cpp:2391 d3d_create_bitmap                [   4.69645] Chose bitmap format 9
dtor     D               dtor.c:196  _al_register_destructor          [   4.69660] added dtor for bitmap 00000000026c0960, func 00007ff94b201bea
stdio    D         file_stdio.c:110  file_stdio_fopen                 [   4.70356] opening assets/image/chara_attack.gif rb
d3d      D         d3d_disp.cpp:1202 real_choose_bitmap_format        [   4.70536] Fake format
d3d      D         d3d_disp.cpp:1202 real_choose_bitmap_format        [   4.70539] Fake format
d3d      D         d3d_disp.cpp:1202 real_choose_bitmap_format        [   4.70540] Fake format
d3d      D         d3d_disp.cpp:1202 real_choose_bitmap_format        [   4.70542] Fake format
d3d      D         d3d_disp.cpp:1202 real_choose_bitmap_format        [   4.70543] Fake format
d3d      D         d3d_disp.cpp:1202 real_choose_bitmap_format        [   4.70545] Fake format
d3d      D         d3d_disp.cpp:1202 real_choose_bitmap_format        [   4.70546] Fake format
d3d      D         d3d_disp.cpp:1202 real_choose_bitmap_format        [   4.70548] Fake format
d3d      D         d3d_disp.cpp:1202 real_choose_bitmap_format        [   4.70549] Fake format
d3d      D         d3d_disp.cpp:1210 real_choose_bitmap_format        [   4.70550] Alpha doesn't match
d3d      D         d3d_disp.cpp:1217 real_choose_bitmap_format        [   4.70552] Adapter format is 23
d3d      D         d3d_disp.cpp:1220 real_choose_bitmap_format        [   4.70553] Found a format
d3d      I         d3d_disp.cpp:2391 d3d_create_bitmap                [   4.70555] Chose bitmap format 9
dtor     D               dtor.c:196  _al_register_destructor          [   4.70572] added dtor for bitmap 0000000002691be0, func 00007ff94b201bea
d3d      D         d3d_disp.cpp:1202 real_choose_bitmap_format        [   4.71185] Fake format
d3d      D         d3d_disp.cpp:1202 real_choose_bitmap_format        [   4.71189] Fake format
d3d      D         d3d_disp.cpp:1202 real_choose_bitmap_format        [   4.71190] Fake format
d3d      D         d3d_disp.cpp:1202 real_choose_bitmap_format        [   4.71196] Fake format
d3d      D         d3d_disp.cpp:1202 real_choose_bitmap_format        [   4.71198] Fake format
d3d      D         d3d_disp.cpp:1202 real_choose_bitmap_format        [   4.71200] Fake format
d3d      D         d3d_disp.cpp:1202 real_choose_bitmap_format        [   4.71202] Fake format
d3d      D         d3d_disp.cpp:1202 real_choose_bitmap_format        [   4.71206] Fake format
d3d      D         d3d_disp.cpp:1202 real_choose_bitmap_format        [   4.71209] Fake format
d3d      D         d3d_disp.cpp:1210 real_choose_bitmap_format        [   4.71210] Alpha doesn't match
d3d      D         d3d_disp.cpp:1217 real_choose_bitmap_format        [   4.71212] Adapter format is 23
d3d      D         d3d_disp.cpp:1220 real_choose_bitmap_format        [   4.71213] Found a format
d3d      I         d3d_disp.cpp:2391 d3d_create_bitmap                [   4.71215] Chose bitmap format 9
dtor     D               dtor.c:196  _al_register_destructor          [   4.71233] added dtor for bitmap 0000000002691d90, func 00007ff94b201bea
d3d      D         d3d_disp.cpp:1202 real_choose_bitmap_format        [   4.71807] Fake format
d3d      D         d3d_disp.cpp:1202 real_choose_bitmap_format        [   4.71810] Fake format
d3d      D         d3d_disp.cpp:1202 real_choose_bitmap_format        [   4.71812] Fake format
d3d      D         d3d_disp.cpp:1202 real_choose_bitmap_format        [   4.71814] Fake format
d3d      D         d3d_disp.cpp:1202 real_choose_bitmap_format        [   4.71817] Fake format
d3d      D         d3d_disp.cpp:1202 real_choose_bitmap_format        [   4.71823] Fake format
d3d      D         d3d_disp.cpp:1202 real_choose_bitmap_format        [   4.71825] Fake format
d3d      D         d3d_disp.cpp:1202 real_choose_bitmap_format        [   4.71828] Fake format
d3d      D         d3d_disp.cpp:1202 real_choose_bitmap_format        [   4.71830] Fake format
d3d      D         d3d_disp.cpp:1210 real_choose_bitmap_format        [   4.71831] Alpha doesn't match
d3d      D         d3d_disp.cpp:1217 real_choose_bitmap_format        [   4.71833] Adapter format is 23
d3d      D         d3d_disp.cpp:1220 real_choose_bitmap_format        [   4.71834] Found a format
d3d      I         d3d_disp.cpp:2391 d3d_create_bitmap                [   4.71836] Chose bitmap format 9
dtor     D               dtor.c:196  _al_register_destructor          [   4.71856] added dtor for bitmap 0000000002691f40, func 00007ff94b201bea
d3d      D         d3d_disp.cpp:1202 real_choose_bitmap_format        [   4.72799] Fake format
d3d      D         d3d_disp.cpp:1202 real_choose_bitmap_format        [   4.72807] Fake format
d3d      D         d3d_disp.cpp:1202 real_choose_bitmap_format        [   4.72809] Fake format
d3d      D         d3d_disp.cpp:1202 real_choose_bitmap_format        [   4.72810] Fake format
d3d      D         d3d_disp.cpp:1202 real_choose_bitmap_format        [   4.72812] Fake format
d3d      D         d3d_disp.cpp:1202 real_choose_bitmap_format        [   4.72814] Fake format
d3d      D         d3d_disp.cpp:1202 real_choose_bitmap_format        [   4.72815] Fake format
d3d      D         d3d_disp.cpp:1202 real_choose_bitmap_format        [   4.72817] Fake format
d3d      D         d3d_disp.cpp:1202 real_choose_bitmap_format        [   4.72820] Fake format
d3d      D         d3d_disp.cpp:1210 real_choose_bitmap_format        [   4.72822] Alpha doesn't match
d3d      D         d3d_disp.cpp:1217 real_choose_bitmap_format        [   4.72823] Adapter format is 23
d3d      D         d3d_disp.cpp:1220 real_choose_bitmap_format        [   4.72825] Found a format
d3d      I         d3d_disp.cpp:2391 d3d_create_bitmap                [   4.72829] Chose bitmap format 9
dtor     D               dtor.c:196  _al_register_destructor          [   4.72850] added dtor for bitmap 000000000275f610, func 00007ff94b201bea
stdio    D         file_stdio.c:110  file_stdio_fopen                 [   4.73436] opening assets/sound/atk_sound.wav rb
wav      E                wav.c:121  wav_open                         [   4.73458] Bad RIFF type.
dtor     D               dtor.c:196  _al_register_destructor          [   4.73462] added dtor for sample 00000000027588c0, func 00007ff94b331a1d
dtor     D               dtor.c:196  _al_register_destructor          [   4.73473] added dtor for sample_instance 00000000026a1ad0, func 00007ff94b32929b
audio    D          kcm_mixer.c:121  _al_rechannel_matrix             [   4.73475] sample matrix:
audio    D          kcm_mixer.c:127  _al_rechannel_matrix             [   4.73477]  0.500000
audio    D          kcm_mixer.c:127  _al_rechannel_matrix             [   4.73478]  0.500000
d3d      D          d3d_bmp.cpp:539  _al_d3d_sync_bitmap              [   4.73536] _al_d3d_sync_bitmap (system) ref count == 1
d3d      D          d3d_bmp.cpp:545  _al_d3d_sync_bitmap              [   4.73539] _al_d3d_sync_bitmap (video) ref count == 1
d3d      D          d3d_bmp.cpp:539  _al_d3d_sync_bitmap              [   4.74125] _al_d3d_sync_bitmap (system) ref count == 1
d3d      D          d3d_bmp.cpp:545  _al_d3d_sync_bitmap              [   4.74132] _al_d3d_sync_bitmap (video) ref count == 1
d3d      D          d3d_bmp.cpp:539  _al_d3d_sync_bitmap              [   4.74237] _al_d3d_sync_bitmap (system) ref count == 1
d3d      D          d3d_bmp.cpp:545  _al_d3d_sync_bitmap              [   4.74240] _al_d3d_sync_bitmap (video) ref count == 1
d3d      D          d3d_bmp.cpp:539  _al_d3d_sync_bitmap              [   4.74336] _al_d3d_sync_bitmap (system) ref count == 1
d3d      D          d3d_bmp.cpp:545  _al_d3d_sync_bitmap              [   4.74338] _al_d3d_sync_bitmap (video) ref count == 1
d3d      D          d3d_bmp.cpp:539  _al_d3d_sync_bitmap              [   4.74478] _al_d3d_sync_bitmap (system) ref count == 1
d3d      D          d3d_bmp.cpp:545  _al_d3d_sync_bitmap              [   4.74481] _al_d3d_sync_bitmap (video) ref count == 1
d3d      D          d3d_bmp.cpp:539  _al_d3d_sync_bitmap              [   4.74576] _al_d3d_sync_bitmap (system) ref count == 1
d3d      D          d3d_bmp.cpp:545  _al_d3d_sync_bitmap              [   4.74579] _al_d3d_sync_bitmap (video) ref count == 1
d3d      D          d3d_bmp.cpp:539  _al_d3d_sync_bitmap              [   4.74671] _al_d3d_sync_bitmap (system) ref count == 1
d3d      D          d3d_bmp.cpp:545  _al_d3d_sync_bitmap              [   4.74673] _al_d3d_sync_bitmap (video) ref count == 1
d3d      D          d3d_bmp.cpp:539  _al_d3d_sync_bitmap              [   4.74750] _al_d3d_sync_bitmap (system) ref count == 1
d3d      D          d3d_bmp.cpp:545  _al_d3d_sync_bitmap              [   4.74753] _al_d3d_sync_bitmap (video) ref count == 1
d3d      D          d3d_bmp.cpp:539  _al_d3d_sync_bitmap              [   4.74843] _al_d3d_sync_bitmap (system) ref count == 1
d3d      D          d3d_bmp.cpp:545  _al_d3d_sync_bitmap              [   4.74848] _al_d3d_sync_bitmap (video) ref count == 1
d3d      D          d3d_bmp.cpp:539  _al_d3d_sync_bitmap              [   4.74949] _al_d3d_sync_bitmap (system) ref count == 1
d3d      D          d3d_bmp.cpp:545  _al_d3d_sync_bitmap              [   4.74951] _al_d3d_sync_bitmap (video) ref count == 1
d3d      D          d3d_bmp.cpp:539  _al_d3d_sync_bitmap              [   4.75045] _al_d3d_sync_bitmap (system) ref count == 1
d3d      D          d3d_bmp.cpp:545  _al_d3d_sync_bitmap              [   4.75052] _al_d3d_sync_bitmap (video) ref count == 1
d3d      D          d3d_bmp.cpp:539  _al_d3d_sync_bitmap              [   4.75160] _al_d3d_sync_bitmap (system) ref count == 1
d3d      D          d3d_bmp.cpp:545  _al_d3d_sync_bitmap              [   4.75163] _al_d3d_sync_bitmap (video) ref count == 1
d3d      D          d3d_bmp.cpp:539  _al_d3d_sync_bitmap              [   4.75273] _al_d3d_sync_bitmap (system) ref count == 1
d3d      D          d3d_bmp.cpp:545  _al_d3d_sync_bitmap              [   4.75276] _al_d3d_sync_bitmap (video) ref count == 1
d3d      D          d3d_bmp.cpp:539  _al_d3d_sync_bitmap              [   4.75388] _al_d3d_sync_bitmap (system) ref count == 1
d3d      D          d3d_bmp.cpp:545  _al_d3d_sync_bitmap              [   4.75391] _al_d3d_sync_bitmap (video) ref count == 1
d3d      D          d3d_bmp.cpp:539  _al_d3d_sync_bitmap              [   4.75481] _al_d3d_sync_bitmap (system) ref count == 1
d3d      D          d3d_bmp.cpp:545  _al_d3d_sync_bitmap              [   4.75484] _al_d3d_sync_bitmap (video) ref count == 1
